--- Copying files at Fri Dec  5 03:20:48 UTC 2025
INSTALLED plugins/jjwt-api.jpi : 0.11.5-120.v0268cf544b_89
INSTALLED plugins/authentication-tokens.jpi : 1.144.v5ff4a_5ec5c33
INSTALLED plugins/pipeline-model-definition.jpi : 2.2277.v00573e73ddf1
INSTALLED plugins/jackson2-api.jpi : 2.20.1-423.v13951f6b_6532
INSTALLED plugins/pipeline-milestone-step.jpi : 138.v78ca_76831a_43
INSTALLED plugins/blueocean-pipeline-editor.jpi : 1.27.25
INSTALLED plugins/caffeine-api.jpi : 3.2.3-194.v31a_b_f7a_b_5a_81
INSTALLED plugins/asm-api.jpi : 9.9-185.va_6c6b_3348b_c3
INSTALLED plugins/jaxb.jpi : 2.3.9-133.vb_ec76a_73f706
INSTALLED plugins/mailer.jpi : 525.v2458b_d8a_1a_71
INSTALLED plugins/blueocean-git-pipeline.jpi : 1.27.25
INSTALLED plugins/pipeline-graph-analysis.jpi : 245.v88f03631a_b_21
INSTALLED plugins/timestamper.jpi : 1.30
INSTALLED plugins/jakarta-mail-api.jpi : 2.1.5-1
INSTALLED plugins/workflow-support.jpi : 1004.veee3a_d67cdb_9
INSTALLED plugins/workflow-basic-steps.jpi : 1098.v808b_fd7f8cf4
INSTALLED plugins/antisamy-markup-formatter.jpi : 173.v680e3a_b_69ff3
INSTALLED plugins/structs.jpi : 362.va_b_695ef4fdf9
INSTALLED plugins/ssh-credentials.jpi : 361.vb_f6760818e8c
INSTALLED plugins/docker-workflow.jpi : 634.vedc7242b_eda_7
INSTALLED plugins/blueocean-display-url.jpi : 2.4.4
INSTALLED plugins/docker-commons.jpi : 457.v0f62a_94f11a_3
INSTALLED plugins/blueocean-events.jpi : 1.27.25
INSTALLED plugins/pipeline-build-step.jpi : 571.v08a_fffd4b_0ce
INSTALLED plugins/jakarta-activation-api.jpi : 2.1.4-1
INSTALLED plugins/jakarta-xml-bind-api.jpi : 4.0.6-10.v9b_7e1d1fc40b_
INSTALLED plugins/blueocean.jpi : 1.27.25
INSTALLED plugins/sse-gateway.jpi : 1.28
INSTALLED plugins/workflow-aggregator.jpi : 608.v67378e9d3db_1
INSTALLED plugins/analysis-model-api.jpi : 13.15.0-928.v63f6dc44cfd2
INSTALLED plugins/scm-api.jpi : 724.v7d839074eb_5c
INSTALLED plugins/durable-task.jpi : 635.v3733cef34b_5e
INSTALLED plugins/pubsub-light.jpi : 1.19
INSTALLED plugins/branch-api.jpi : 2.1268.v044a_87612da_8
INSTALLED plugins/github.jpi : 1.45.0
INSTALLED plugins/workflow-api.jpi : 1398.v67030756d3fb_
INSTALLED plugins/sonar.jpi : 2.18.1
INSTALLED plugins/plain-credentials.jpi : 199.v9f8e1f741799
INSTALLED plugins/pipeline-input-step.jpi : 540.v14b_100d754dd
INSTALLED plugins/blueocean-i18n.jpi : 1.27.25
INSTALLED plugins/jenkins-design-language.jpi : 1.27.25
INSTALLED plugins/git.jpi : 5.8.1
INSTALLED plugins/cloudbees-folder.jpi : 6.1073.va_7888eb_dd514
INSTALLED plugins/credentials-binding.jpi : 702.vfe613e537e88
INSTALLED plugins/github-api.jpi : 1.330-492.v3941a_032db_2a_
INSTALLED plugins/prism-api.jpi : 1.30.0-630.va_e19d17f83b_0
INSTALLED plugins/commons-lang3-api.jpi : 3.19.0-104.v12125f33a_255
INSTALLED plugins/pipeline-model-api.jpi : 2.2277.v00573e73ddf1
INSTALLED plugins/blueocean-personalization.jpi : 1.27.25
INSTALLED plugins/commons-text-api.jpi : 1.14.0-194.v804a_dc3a_1b_d8
INSTALLED plugins/json-api.jpi : 20250517-173.v596efb_962a_31
INSTALLED plugins/joda-time-api.jpi : 2.14.0-149.v1c3ce991d1b_9
INSTALLED plugins/blueocean-web.jpi : 1.27.25
INSTALLED plugins/blueocean-github-pipeline.jpi : 1.27.25
INSTALLED plugins/commons-collections4-api.jpi : 4.5.0-8.va_d5448ef9011
INSTALLED plugins/warnings-ng.jpi : 12.9848.v5603977006f2
INSTALLED plugins/htmlpublisher.jpi : 427
INSTALLED plugins/apache-httpcomponents-client-4-api.jpi : 4.5.14-269.vfa_2321039a_83
INSTALLED plugins/blueocean-dashboard.jpi : 1.27.25
INSTALLED plugins/variant.jpi : 70.va_d9f17f859e0
INSTALLED plugins/jquery3-api.jpi : 3.7.1-619.vdb_10e002501a_
INSTALLED plugins/apache-httpcomponents-client-5-api.jpi : 5.5-170.v023de017ccd7
INSTALLED plugins/pipeline-model-extensions.jpi : 2.2277.v00573e73ddf1
INSTALLED plugins/okhttp-api.jpi : 4.12.0-195.vc02552c04ffd
INSTALLED plugins/blueocean-bitbucket-pipeline.jpi : 1.27.25
INSTALLED plugins/workflow-multibranch.jpi : 821.vc3b_4ea_780798
INSTALLED plugins/workflow-job.jpi : 1559.va_a_533730b_ea_d
INSTALLED plugins/forensics-api.jpi : 3.1772.v99ca_3d83b_9fa_
INSTALLED plugins/blueocean-rest-impl.jpi : 1.27.25
INSTALLED plugins/handy-uri-templates-2-api.jpi : 2.1.8-38.vcea_5d521d5f3
INSTALLED plugins/bouncycastle-api.jpi : 2.30.1.82-277.v70ca_0b_877184
INSTALLED plugins/blueocean-pipeline-scm-api.jpi : 1.27.25
INSTALLED plugins/plugin-util-api.jpi : 6.1192.v30fe6e2837ff
INSTALLED plugins/json-path-api.jpi : 2.10.0-202.va_9cc16c1e476
INSTALLED plugins/metrics.jpi : 4.2.37-489.vb_6db_69b_ce753
INSTALLED plugins/pipeline-rest-api.jpi : 2.38
INSTALLED plugins/blueocean-pipeline-api-impl.jpi : 1.27.25
INSTALLED plugins/favorite.jpi : 2.253.v9b_413168133b_
INSTALLED plugins/junit.jpi : 1380.v491ff054cd35
INSTALLED plugins/workflow-durable-task-step.jpi : 1464.v2d3f5c68f84c
INSTALLED plugins/workflow-cps.jpi : 4238.va_6fb_65c1f699
INSTALLED plugins/pipeline-stage-step.jpi : 322.vecffa_99f371c
INSTALLED plugins/blueocean-rest.jpi : 1.27.25
INSTALLED plugins/pipeline-stage-tags-metadata.jpi : 2.2277.v00573e73ddf1
INSTALLED plugins/prometheus.jpi : 819.v50953a_c560dd
INSTALLED plugins/bootstrap5-api.jpi : 5.3.8-895.v4d0d8e47fea_d
INSTALLED plugins/checks-api.jpi : 373.vfe7645102093
INSTALLED plugins/javax-activation-api.jpi : 1.2.0-8
INSTALLED plugins/mina-sshd-api-common.jpi : 2.16.0-167.va_269f38cc024
INSTALLED plugins/configuration-as-code.jpi : 2006.v001a_2ca_6b_574
INSTALLED plugins/credentials.jpi : 1453.v9b_a_29777a_b_fd
INSTALLED plugins/cloudbees-bitbucket-branch-source.jpi : 937.2.1
INSTALLED plugins/blueocean-commons.jpi : 1.27.25
INSTALLED plugins/ionicons-api.jpi : 94.vcc3065403257
INSTALLED plugins/blueocean-core-js.jpi : 1.27.25
INSTALLED plugins/workflow-scm-step.jpi : 466.va_d69e602552b_
INSTALLED plugins/jacoco.jpi : 3.3.7
INSTALLED plugins/git-client.jpi : 6.4.0
INSTALLED plugins/gson-api.jpi : 2.13.2-173.va_a_092315913c
INSTALLED plugins/workflow-step-api.jpi : 710.v3e456cc85233
INSTALLED plugins/blueocean-jwt.jpi : 1.27.25
INSTALLED plugins/snakeyaml-api.jpi : 2.5-143.v93b_c004f89de
INSTALLED plugins/pipeline-github-lib.jpi : 65.v203688e7727e
INSTALLED plugins/github-branch-source.jpi : 1925.v62fb_7ffb_08ce
INSTALLED plugins/echarts-api.jpi : 6.0.0-1165.vd1283a_3e37d4
INSTALLED plugins/font-awesome-api.jpi : 7.1.0-882.v1dfb_771e3278
INSTALLED plugins/blueocean-config.jpi : 1.27.25
INSTALLED plugins/data-tables-api.jpi : 2.3.5-1482.vb_47a_3c19f78c
INSTALLED plugins/jsoup.jpi : 1.21.2-66.v6ea_38164b_8a_2
INSTALLED plugins/mina-sshd-api-core.jpi : 2.16.0-167.va_269f38cc024
INSTALLED plugins/script-security.jpi : 1385.v7d2d9ec4d909
INSTALLED plugins/token-macro.jpi : 477.vd4f0dc3cb_cf1
INSTALLED plugins/display-url-api.jpi : 2.217.va_6b_de84cc74b_
INSTALLED plugins/instance-identity.jpi : 203.v15e81a_1b_7a_38
INSTALLED plugins/pipeline-groovy-lib.jpi : 787.ve2fef0efdca_6
--- Copied files finished at Fri Dec  5 03:20:50 UTC 2025
